<?xml version="1.0" encoding="UTF-8"?>
<robot generator="Robot 4.1.1 (Python 3.9.1 on darwin)" generated="20220124 12:25:39.778" rpa="false" schemaversion="2">
<suite id="s1" name="TestSuite Web" source="/Users/arunjohn/PycharmProjects/LearningProject/TestScripts/TestSuite_Web.robot">
<test id="s1-t1" name="Test Case C00001: Check user can load the URL page">
<kw name="Open Browser and Load URL" library="ResourcesForTestSuite_Web">
<kw name="Open Browser" library="SeleniumLibrary">
<arg>https://www.toolsqa.com/</arg>
<arg>chrome</arg>
<doc>Opens a new browser instance to the optional ``url``.</doc>
<msg timestamp="20220124 12:25:40.329" level="INFO">Opening browser 'chrome' to base url 'https://www.toolsqa.com/'.</msg>
<status status="PASS" starttime="20220124 12:25:40.329" endtime="20220124 12:25:43.846"/>
</kw>
<kw name="Sleep" library="BuiltIn">
<arg>1s</arg>
<doc>Pauses the test executed for the given time.</doc>
<msg timestamp="20220124 12:25:44.849" level="INFO">Slept 1 second</msg>
<status status="PASS" starttime="20220124 12:25:43.848" endtime="20220124 12:25:44.849"/>
</kw>
<kw name="Maximize Browser Window" library="SeleniumLibrary">
<doc>Maximizes current browser window.</doc>
<status status="PASS" starttime="20220124 12:25:44.849" endtime="20220124 12:25:45.159"/>
</kw>
<kw name="Wait Until Page Contains Element" library="SeleniumLibrary">
<arg>${header}</arg>
<arg>2s</arg>
<doc>Waits until the element ``locator`` appears on the current page.</doc>
<kw name="Capture Page Screenshot" library="SeleniumLibrary">
<doc>Takes a screenshot of the current page and embeds it into a log file.</doc>
<msg timestamp="20220124 12:25:47.792" level="INFO" html="true">&lt;/td&gt;&lt;/tr&gt;&lt;tr&gt;&lt;td colspan="3"&gt;&lt;a href="selenium-screenshot-3.png"&gt;&lt;img src="selenium-screenshot-3.png" width="800px"&gt;&lt;/a&gt;</msg>
<status status="PASS" starttime="20220124 12:25:47.265" endtime="20220124 12:25:47.792"/>
</kw>
<msg timestamp="20220124 12:25:47.797" level="FAIL">Element '/html/body/header/nav/div/div/div[3]/div/div[1]/ul/li[1]/a' did not appear in 2 seconds.</msg>
<status status="FAIL" starttime="20220124 12:25:45.160" endtime="20220124 12:25:47.797"/>
</kw>
<kw name="Wait Until Page Contains" library="SeleniumLibrary">
<arg>${text}</arg>
<arg>5s</arg>
<doc>Waits until ``text`` appears on the current page.</doc>
<status status="NOT RUN" starttime="20220124 12:25:47.797" endtime="20220124 12:25:47.797"/>
</kw>
<kw name="Close Browser" library="SeleniumLibrary">
<doc>Closes the current browser.</doc>
<status status="NOT RUN" starttime="20220124 12:25:47.798" endtime="20220124 12:25:47.798"/>
</kw>
<kw name="Sleep" library="BuiltIn">
<arg>1s</arg>
<doc>Pauses the test executed for the given time.</doc>
<status status="NOT RUN" starttime="20220124 12:25:47.798" endtime="20220124 12:25:47.798"/>
</kw>
<status status="FAIL" starttime="20220124 12:25:40.329" endtime="20220124 12:25:47.798"/>
</kw>
<kw name="Close Browser" library="SeleniumLibrary" type="TEARDOWN">
<doc>Closes the current browser.</doc>
<status status="PASS" starttime="20220124 12:25:47.799" endtime="20220124 12:25:47.901"/>
</kw>
<doc>Check user can load the URL page</doc>
<tag>C00001</tag>
<status status="FAIL" starttime="20220124 12:25:40.328" endtime="20220124 12:25:47.902">Element '/html/body/header/nav/div/div/div[3]/div/div[1]/ul/li[1]/a' did not appear in 2 seconds.</status>
</test>
<status status="FAIL" starttime="20220124 12:25:39.780" endtime="20220124 12:25:47.903"/>
</suite>
<statistics>
<total>
<stat pass="0" fail="1" skip="0">All Tests</stat>
</total>
<tag>
<stat pass="0" fail="1" skip="0">C00001</stat>
</tag>
<suite>
<stat pass="0" fail="1" skip="0" id="s1" name="TestSuite Web">TestSuite Web</stat>
</suite>
</statistics>
<errors>
</errors>
</robot>
